I, [2017-10-13T21:01:12.605784 #91896]  INFO -- : Refreshing Gem list
/Users/takaya/.rbenv/versions/2.3.1/lib/ruby/gems/2.3.0/gems/bundler-1.15.4/lib/bundler/lockfile_parser.rb:71:in `initialize': Your Gemfile.lock contains merge conflicts. (Bundler::LockfileError)
Run `git checkout HEAD -- Gemfile.lock` first to get a clean lock.
	from /Users/takaya/.rbenv/versions/2.3.1/lib/ruby/gems/2.3.0/gems/bundler-1.15.4/lib/bundler/definition.rb:72:in `new'
	from /Users/takaya/.rbenv/versions/2.3.1/lib/ruby/gems/2.3.0/gems/bundler-1.15.4/lib/bundler/definition.rb:72:in `initialize'
	from /Users/takaya/.rbenv/versions/2.3.1/lib/ruby/gems/2.3.0/gems/bundler-1.15.4/lib/bundler/dsl.rb:200:in `new'
	from /Users/takaya/.rbenv/versions/2.3.1/lib/ruby/gems/2.3.0/gems/bundler-1.15.4/lib/bundler/dsl.rb:200:in `to_definition'
	from /Users/takaya/.rbenv/versions/2.3.1/lib/ruby/gems/2.3.0/gems/bundler-1.15.4/lib/bundler/dsl.rb:12:in `evaluate'
	from /Users/takaya/.rbenv/versions/2.3.1/lib/ruby/gems/2.3.0/gems/bundler-1.15.4/lib/bundler/definition.rb:33:in `build'
	from /Users/takaya/.rbenv/versions/2.3.1/lib/ruby/gems/2.3.0/gems/bundler-1.15.4/lib/bundler.rb:129:in `definition'
	from /Users/takaya/.rbenv/versions/2.3.1/lib/ruby/gems/2.3.0/gems/bundler-1.15.4/lib/bundler.rb:95:in `setup'
	from /Users/takaya/.rbenv/versions/2.3.1/lib/ruby/gems/2.3.0/gems/bundler-1.15.4/lib/bundler/setup.rb:19:in `<top (required)>'
	from /Users/takaya/.rbenv/versions/2.3.1/lib/ruby/2.3.0/rubygems/core_ext/kernel_require.rb:127:in `require'
	from /Users/takaya/.rbenv/versions/2.3.1/lib/ruby/2.3.0/rubygems/core_ext/kernel_require.rb:127:in `rescue in require'
	from /Users/takaya/.rbenv/versions/2.3.1/lib/ruby/2.3.0/rubygems/core_ext/kernel_require.rb:40:in `require'
	from /Users/takaya/projects/newspicks/config/boot.rb:3:in `<top (required)>'
	from /Users/takaya/.rbenv/versions/2.3.1/lib/ruby/2.3.0/rubygems/core_ext/kernel_require.rb:55:in `require'
	from /Users/takaya/.rbenv/versions/2.3.1/lib/ruby/2.3.0/rubygems/core_ext/kernel_require.rb:55:in `require'
	from /Users/takaya/projects/newspicks/config/application.rb:1:in `<top (required)>'
	from /Users/takaya/.rbenv/versions/2.3.1/lib/ruby/2.3.0/rubygems/core_ext/kernel_require.rb:55:in `require'
	from /Users/takaya/.rbenv/versions/2.3.1/lib/ruby/2.3.0/rubygems/core_ext/kernel_require.rb:55:in `require'
	from /Users/takaya/projects/newspicks/config/environment.rb:2:in `<top (required)>'
	from /Users/takaya/.rbenv/versions/2.3.1/lib/ruby/2.3.0/rubygems/core_ext/kernel_require.rb:55:in `require'
	from /Users/takaya/.rbenv/versions/2.3.1/lib/ruby/2.3.0/rubygems/core_ext/kernel_require.rb:55:in `require'
	from config.ru:4:in `block in <main>'
	from /Users/takaya/.rbenv/versions/2.3.1/lib/ruby/gems/2.3.0/gems/rack-1.6.8/lib/rack/builder.rb:55:in `instance_eval'
	from /Users/takaya/.rbenv/versions/2.3.1/lib/ruby/gems/2.3.0/gems/rack-1.6.8/lib/rack/builder.rb:55:in `initialize'
	from config.ru:1:in `new'
	from config.ru:1:in `<main>'
	from /Users/takaya/.rbenv/versions/2.3.1/lib/ruby/gems/2.3.0/gems/unicorn-5.3.0/lib/unicorn.rb:56:in `eval'
	from /Users/takaya/.rbenv/versions/2.3.1/lib/ruby/gems/2.3.0/gems/unicorn-5.3.0/lib/unicorn.rb:56:in `block in builder'
	from /Users/takaya/.rbenv/versions/2.3.1/lib/ruby/gems/2.3.0/gems/unicorn-5.3.0/bin/unicorn_rails:139:in `block in rails_builder'
	from /Users/takaya/.rbenv/versions/2.3.1/lib/ruby/gems/2.3.0/gems/unicorn-5.3.0/lib/unicorn/http_server.rb:796:in `build_app!'
	from /Users/takaya/.rbenv/versions/2.3.1/lib/ruby/gems/2.3.0/gems/unicorn-5.3.0/lib/unicorn/http_server.rb:139:in `start'
	from /Users/takaya/.rbenv/versions/2.3.1/lib/ruby/gems/2.3.0/gems/unicorn-5.3.0/bin/unicorn_rails:209:in `<top (required)>'
	from /Users/takaya/.rbenv/versions/2.3.1/bin/unicorn_rails:23:in `load'
	from /Users/takaya/.rbenv/versions/2.3.1/bin/unicorn_rails:23:in `<main>'
